[2022-06-15 00:37:07,019] {taskinstance.py:1159} INFO - Dependencies all met for <TaskInstance: example_branch_datetime_operator_2.datetime_branch scheduled__2022-06-14T00:00:00+00:00 [queued]>
[2022-06-15 00:37:08,478] {taskinstance.py:1159} INFO - Dependencies all met for <TaskInstance: example_branch_datetime_operator_2.datetime_branch scheduled__2022-06-14T00:00:00+00:00 [queued]>
[2022-06-15 00:37:08,504] {taskinstance.py:1356} INFO - 
--------------------------------------------------------------------------------
[2022-06-15 00:37:08,510] {taskinstance.py:1357} INFO - Starting attempt 1 of 1
[2022-06-15 00:37:08,515] {taskinstance.py:1358} INFO - 
--------------------------------------------------------------------------------
[2022-06-15 00:37:11,003] {taskinstance.py:1377} INFO - Executing <Task(BranchDateTimeOperator): datetime_branch> on 2022-06-14 00:00:00+00:00
[2022-06-15 00:37:11,664] {standard_task_runner.py:52} INFO - Started process 1464 to run task
[2022-06-15 00:37:11,862] {standard_task_runner.py:79} INFO - Running: ['***', 'tasks', 'run', 'example_branch_datetime_operator_2', 'datetime_branch', 'scheduled__2022-06-14T00:00:00+00:00', '--job-id', '11', '--raw', '--subdir', '/home/***/.local/lib/python3.7/site-packages/***/example_dags/example_branch_datetime_operator.py', '--cfg-path', '/tmp/tmpovm27x2v', '--error-file', '/tmp/tmpfzw055x1']
[2022-06-15 00:37:11,874] {standard_task_runner.py:80} INFO - Job 11: Subtask datetime_branch
[2022-06-15 00:37:16,167] {task_command.py:370} INFO - Running <TaskInstance: example_branch_datetime_operator_2.datetime_branch scheduled__2022-06-14T00:00:00+00:00 [running]> on host 714ccdf18016
[2022-06-15 00:37:19,810] {taskinstance.py:1571} INFO - Exporting the following env vars:
AIRFLOW_CTX_DAG_OWNER=***
AIRFLOW_CTX_DAG_ID=example_branch_datetime_operator_2
AIRFLOW_CTX_TASK_ID=datetime_branch
AIRFLOW_CTX_EXECUTION_DATE=2022-06-14T00:00:00+00:00
AIRFLOW_CTX_TRY_NUMBER=1
AIRFLOW_CTX_DAG_RUN_ID=scheduled__2022-06-14T00:00:00+00:00
[2022-06-15 00:37:19,907] {skipmixin.py:140} INFO - Following branch ['date_outside_range']
[2022-06-15 00:37:19,913] {skipmixin.py:175} INFO - Skipping tasks ['date_in_range']
[2022-06-15 00:37:21,177] {taskinstance.py:1400} INFO - Marking task as SUCCESS. dag_id=example_branch_datetime_operator_2, task_id=datetime_branch, execution_date=20220614T000000, start_date=20220615T003707, end_date=20220615T003721
[2022-06-15 00:37:21,992] {local_task_job.py:156} INFO - Task exited with return code 0
[2022-06-15 00:37:22,540] {local_task_job.py:273} INFO - 0 downstream tasks scheduled from follow-on schedule check
