[2022-06-15 00:36:34,530] {taskinstance.py:1159} INFO - Dependencies all met for <TaskInstance: example_bash_operator_Jason.runme_2 scheduled__2022-06-14T00:00:00+00:00 [queued]>
[2022-06-15 00:36:34,739] {taskinstance.py:1159} INFO - Dependencies all met for <TaskInstance: example_bash_operator_Jason.runme_2 scheduled__2022-06-14T00:00:00+00:00 [queued]>
[2022-06-15 00:36:34,741] {taskinstance.py:1356} INFO - 
--------------------------------------------------------------------------------
[2022-06-15 00:36:34,772] {taskinstance.py:1357} INFO - Starting attempt 1 of 1
[2022-06-15 00:36:34,780] {taskinstance.py:1358} INFO - 
--------------------------------------------------------------------------------
[2022-06-15 00:36:35,137] {taskinstance.py:1377} INFO - Executing <Task(BashOperator): runme_2> on 2022-06-14 00:00:00+00:00
[2022-06-15 00:36:35,237] {standard_task_runner.py:52} INFO - Started process 1448 to run task
[2022-06-15 00:36:35,340] {standard_task_runner.py:79} INFO - Running: ['***', 'tasks', 'run', 'example_bash_operator_Jason', 'runme_2', 'scheduled__2022-06-14T00:00:00+00:00', '--job-id', '7', '--raw', '--subdir', 'DAGS_FOLDER/firstDag.py', '--cfg-path', '/tmp/tmpx51aol0b', '--error-file', '/tmp/tmpircilx_x']
[2022-06-15 00:36:35,411] {standard_task_runner.py:80} INFO - Job 7: Subtask runme_2
[2022-06-15 00:36:37,317] {task_command.py:370} INFO - Running <TaskInstance: example_bash_operator_Jason.runme_2 scheduled__2022-06-14T00:00:00+00:00 [running]> on host 714ccdf18016
[2022-06-15 00:37:07,870] {taskinstance.py:1571} INFO - Exporting the following env vars:
AIRFLOW_CTX_DAG_OWNER=***
AIRFLOW_CTX_DAG_ID=example_bash_operator_Jason
AIRFLOW_CTX_TASK_ID=runme_2
AIRFLOW_CTX_EXECUTION_DATE=2022-06-14T00:00:00+00:00
AIRFLOW_CTX_TRY_NUMBER=1
AIRFLOW_CTX_DAG_RUN_ID=scheduled__2022-06-14T00:00:00+00:00
[2022-06-15 00:37:08,135] {subprocess.py:62} INFO - Tmp dir root location: 
 /tmp
[2022-06-15 00:37:08,202] {subprocess.py:74} INFO - Running command: ['bash', '-c', 'echo "example_bash_operator_Jason__runme_2__20220614" && sleep 1']
[2022-06-15 00:37:10,676] {subprocess.py:85} INFO - Output:
[2022-06-15 00:37:11,109] {subprocess.py:92} INFO - example_bash_operator_Jason__runme_2__20220614
[2022-06-15 00:37:13,504] {subprocess.py:96} INFO - Command exited with return code 0
[2022-06-15 00:37:15,630] {taskinstance.py:1400} INFO - Marking task as SUCCESS. dag_id=example_bash_operator_Jason, task_id=runme_2, execution_date=20220614T000000, start_date=20220615T003634, end_date=20220615T003715
[2022-06-15 00:37:17,311] {local_task_job.py:156} INFO - Task exited with return code 0
[2022-06-15 00:37:18,417] {local_task_job.py:273} INFO - 0 downstream tasks scheduled from follow-on schedule check
