[2022-06-15 00:36:36,835] {taskinstance.py:1159} INFO - Dependencies all met for <TaskInstance: example_bash_operator_Jason.this_will_skip scheduled__2022-06-14T00:00:00+00:00 [queued]>
[2022-06-15 00:36:37,099] {taskinstance.py:1159} INFO - Dependencies all met for <TaskInstance: example_bash_operator_Jason.this_will_skip scheduled__2022-06-14T00:00:00+00:00 [queued]>
[2022-06-15 00:36:37,103] {taskinstance.py:1356} INFO - 
--------------------------------------------------------------------------------
[2022-06-15 00:36:37,104] {taskinstance.py:1357} INFO - Starting attempt 1 of 1
[2022-06-15 00:36:37,112] {taskinstance.py:1358} INFO - 
--------------------------------------------------------------------------------
[2022-06-15 00:36:37,435] {taskinstance.py:1377} INFO - Executing <Task(BashOperator): this_will_skip> on 2022-06-14 00:00:00+00:00
[2022-06-15 00:36:37,531] {standard_task_runner.py:52} INFO - Started process 1450 to run task
[2022-06-15 00:36:37,838] {standard_task_runner.py:79} INFO - Running: ['***', 'tasks', 'run', 'example_bash_operator_Jason', 'this_will_skip', 'scheduled__2022-06-14T00:00:00+00:00', '--job-id', '9', '--raw', '--subdir', 'DAGS_FOLDER/firstDag.py', '--cfg-path', '/tmp/tmp48_ze_yi', '--error-file', '/tmp/tmp8kjqiv_1']
[2022-06-15 00:36:37,845] {standard_task_runner.py:80} INFO - Job 9: Subtask this_will_skip
[2022-06-15 00:37:04,849] {task_command.py:370} INFO - Running <TaskInstance: example_bash_operator_Jason.this_will_skip scheduled__2022-06-14T00:00:00+00:00 [running]> on host 714ccdf18016
[2022-06-15 00:37:16,941] {taskinstance.py:1571} INFO - Exporting the following env vars:
AIRFLOW_CTX_DAG_OWNER=***
AIRFLOW_CTX_DAG_ID=example_bash_operator_Jason
AIRFLOW_CTX_TASK_ID=this_will_skip
AIRFLOW_CTX_EXECUTION_DATE=2022-06-14T00:00:00+00:00
AIRFLOW_CTX_TRY_NUMBER=1
AIRFLOW_CTX_DAG_RUN_ID=scheduled__2022-06-14T00:00:00+00:00
[2022-06-15 00:37:17,113] {subprocess.py:62} INFO - Tmp dir root location: 
 /tmp
[2022-06-15 00:37:17,152] {subprocess.py:74} INFO - Running command: ['bash', '-c', 'echo "hello world"; exit 99;']
[2022-06-15 00:37:17,795] {subprocess.py:85} INFO - Output:
[2022-06-15 00:37:17,885] {subprocess.py:92} INFO - hello world
[2022-06-15 00:37:17,888] {subprocess.py:96} INFO - Command exited with return code 99
[2022-06-15 00:37:18,060] {taskinstance.py:1478} INFO - Bash command returned exit code 99. Skipping.
[2022-06-15 00:37:19,586] {taskinstance.py:1400} INFO - Marking task as SKIPPED. dag_id=example_bash_operator_Jason, task_id=this_will_skip, execution_date=20220614T000000, start_date=20220615T003636, end_date=20220615T003719
[2022-06-15 00:37:20,187] {local_task_job.py:221} WARNING - State of this instance has been externally set to skipped. Terminating instance.
[2022-06-15 00:37:20,696] {process_utils.py:129} INFO - Sending Signals.SIGTERM to group 1450. PIDs of all processes in the group: [1450]
[2022-06-15 00:37:20,700] {process_utils.py:80} INFO - Sending the signal Signals.SIGTERM to group 1450
[2022-06-15 00:37:20,703] {process_utils.py:75} INFO - Process psutil.Process(pid=1450, status='terminated', exitcode=0, started='00:36:37') (1450) terminated with exit code 0
