[2022-06-15 00:36:34,056] {taskinstance.py:1159} INFO - Dependencies all met for <TaskInstance: example_bash_operator_Jason.also_run_this scheduled__2022-06-14T00:00:00+00:00 [queued]>
[2022-06-15 00:36:34,162] {taskinstance.py:1159} INFO - Dependencies all met for <TaskInstance: example_bash_operator_Jason.also_run_this scheduled__2022-06-14T00:00:00+00:00 [queued]>
[2022-06-15 00:36:34,174] {taskinstance.py:1356} INFO - 
--------------------------------------------------------------------------------
[2022-06-15 00:36:34,180] {taskinstance.py:1357} INFO - Starting attempt 1 of 1
[2022-06-15 00:36:34,273] {taskinstance.py:1358} INFO - 
--------------------------------------------------------------------------------
[2022-06-15 00:36:34,424] {taskinstance.py:1377} INFO - Executing <Task(BashOperator): also_run_this> on 2022-06-14 00:00:00+00:00
[2022-06-15 00:36:34,463] {standard_task_runner.py:52} INFO - Started process 1447 to run task
[2022-06-15 00:36:34,539] {standard_task_runner.py:79} INFO - Running: ['***', 'tasks', 'run', 'example_bash_operator_Jason', 'also_run_this', 'scheduled__2022-06-14T00:00:00+00:00', '--job-id', '6', '--raw', '--subdir', 'DAGS_FOLDER/firstDag.py', '--cfg-path', '/tmp/tmpi7bgfza3', '--error-file', '/tmp/tmpljl4728l']
[2022-06-15 00:36:34,555] {standard_task_runner.py:80} INFO - Job 6: Subtask also_run_this
[2022-06-15 00:36:35,919] {task_command.py:370} INFO - Running <TaskInstance: example_bash_operator_Jason.also_run_this scheduled__2022-06-14T00:00:00+00:00 [running]> on host 714ccdf18016
[2022-06-15 00:36:38,802] {taskinstance.py:1571} INFO - Exporting the following env vars:
AIRFLOW_CTX_DAG_OWNER=***
AIRFLOW_CTX_DAG_ID=example_bash_operator_Jason
AIRFLOW_CTX_TASK_ID=also_run_this
AIRFLOW_CTX_EXECUTION_DATE=2022-06-14T00:00:00+00:00
AIRFLOW_CTX_TRY_NUMBER=1
AIRFLOW_CTX_DAG_RUN_ID=scheduled__2022-06-14T00:00:00+00:00
[2022-06-15 00:36:38,820] {subprocess.py:62} INFO - Tmp dir root location: 
 /tmp
[2022-06-15 00:36:38,835] {subprocess.py:74} INFO - Running command: ['bash', '-c', 'echo "run_id=scheduled__2022-06-14T00:00:00+00:00 | dag_run=<DagRun example_bash_operator_Jason @ 2022-06-14 00:00:00+00:00: scheduled__2022-06-14T00:00:00+00:00, externally triggered: False>"']
[2022-06-15 00:36:39,283] {subprocess.py:85} INFO - Output:
[2022-06-15 00:36:39,628] {subprocess.py:92} INFO - run_id=scheduled__2022-06-14T00:00:00+00:00 | dag_run=<DagRun example_bash_operator_Jason @ 2022-06-14 00:00:00+00:00: scheduled__2022-06-14T00:00:00+00:00, externally triggered: False>
[2022-06-15 00:36:39,634] {subprocess.py:96} INFO - Command exited with return code 0
[2022-06-15 00:37:06,711] {taskinstance.py:1400} INFO - Marking task as SUCCESS. dag_id=example_bash_operator_Jason, task_id=also_run_this, execution_date=20220614T000000, start_date=20220615T003634, end_date=20220615T003706
[2022-06-15 00:37:13,820] {local_task_job.py:156} INFO - Task exited with return code 0
[2022-06-15 00:37:15,580] {local_task_job.py:273} INFO - 0 downstream tasks scheduled from follow-on schedule check
