[2022-06-15 00:37:32,838] {taskinstance.py:1159} INFO - Dependencies all met for <TaskInstance: example_bash_operator_Jason.run_after_loop scheduled__2022-06-14T00:00:00+00:00 [queued]>
[2022-06-15 00:37:32,986] {taskinstance.py:1159} INFO - Dependencies all met for <TaskInstance: example_bash_operator_Jason.run_after_loop scheduled__2022-06-14T00:00:00+00:00 [queued]>
[2022-06-15 00:37:32,988] {taskinstance.py:1356} INFO - 
--------------------------------------------------------------------------------
[2022-06-15 00:37:32,989] {taskinstance.py:1357} INFO - Starting attempt 1 of 1
[2022-06-15 00:37:32,996] {taskinstance.py:1358} INFO - 
--------------------------------------------------------------------------------
[2022-06-15 00:37:33,178] {taskinstance.py:1377} INFO - Executing <Task(BashOperator): run_after_loop> on 2022-06-14 00:00:00+00:00
[2022-06-15 00:37:33,203] {standard_task_runner.py:52} INFO - Started process 1479 to run task
[2022-06-15 00:37:33,220] {standard_task_runner.py:79} INFO - Running: ['***', 'tasks', 'run', 'example_bash_operator_Jason', 'run_after_loop', 'scheduled__2022-06-14T00:00:00+00:00', '--job-id', '12', '--raw', '--subdir', 'DAGS_FOLDER/firstDag.py', '--cfg-path', '/tmp/tmpafss67i3', '--error-file', '/tmp/tmp__ms3bpw']
[2022-06-15 00:37:33,232] {standard_task_runner.py:80} INFO - Job 12: Subtask run_after_loop
[2022-06-15 00:37:33,799] {task_command.py:370} INFO - Running <TaskInstance: example_bash_operator_Jason.run_after_loop scheduled__2022-06-14T00:00:00+00:00 [running]> on host 714ccdf18016
[2022-06-15 00:37:35,207] {taskinstance.py:1571} INFO - Exporting the following env vars:
AIRFLOW_CTX_DAG_OWNER=***
AIRFLOW_CTX_DAG_ID=example_bash_operator_Jason
AIRFLOW_CTX_TASK_ID=run_after_loop
AIRFLOW_CTX_EXECUTION_DATE=2022-06-14T00:00:00+00:00
AIRFLOW_CTX_TRY_NUMBER=1
AIRFLOW_CTX_DAG_RUN_ID=scheduled__2022-06-14T00:00:00+00:00
[2022-06-15 00:37:35,225] {subprocess.py:62} INFO - Tmp dir root location: 
 /tmp
[2022-06-15 00:37:35,242] {subprocess.py:74} INFO - Running command: ['bash', '-c', 'echo 1']
[2022-06-15 00:37:35,497] {subprocess.py:85} INFO - Output:
[2022-06-15 00:37:35,532] {subprocess.py:92} INFO - 1
[2022-06-15 00:37:35,556] {subprocess.py:96} INFO - Command exited with return code 0
[2022-06-15 00:37:36,180] {taskinstance.py:1400} INFO - Marking task as SUCCESS. dag_id=example_bash_operator_Jason, task_id=run_after_loop, execution_date=20220614T000000, start_date=20220615T003732, end_date=20220615T003736
[2022-06-15 00:37:36,578] {local_task_job.py:156} INFO - Task exited with return code 0
[2022-06-15 00:37:37,273] {local_task_job.py:273} INFO - 0 downstream tasks scheduled from follow-on schedule check
