[2022-06-15 00:36:37,967] {taskinstance.py:1159} INFO - Dependencies all met for <TaskInstance: example_bash_operator_Jason.runme_1 scheduled__2022-06-14T00:00:00+00:00 [queued]>
[2022-06-15 00:36:38,819] {taskinstance.py:1159} INFO - Dependencies all met for <TaskInstance: example_bash_operator_Jason.runme_1 scheduled__2022-06-14T00:00:00+00:00 [queued]>
[2022-06-15 00:36:38,821] {taskinstance.py:1356} INFO - 
--------------------------------------------------------------------------------
[2022-06-15 00:36:38,822] {taskinstance.py:1357} INFO - Starting attempt 1 of 1
[2022-06-15 00:36:38,831] {taskinstance.py:1358} INFO - 
--------------------------------------------------------------------------------
[2022-06-15 00:36:39,757] {taskinstance.py:1377} INFO - Executing <Task(BashOperator): runme_1> on 2022-06-14 00:00:00+00:00
[2022-06-15 00:36:40,434] {standard_task_runner.py:79} INFO - Running: ['***', 'tasks', 'run', 'example_bash_operator_Jason', 'runme_1', 'scheduled__2022-06-14T00:00:00+00:00', '--job-id', '10', '--raw', '--subdir', 'DAGS_FOLDER/firstDag.py', '--cfg-path', '/tmp/tmp770wr0hf', '--error-file', '/tmp/tmpcl3pyagz']
[2022-06-15 00:36:40,484] {standard_task_runner.py:80} INFO - Job 10: Subtask runme_1
[2022-06-15 00:36:40,206] {standard_task_runner.py:52} INFO - Started process 1452 to run task
[2022-06-15 00:37:08,113] {task_command.py:370} INFO - Running <TaskInstance: example_bash_operator_Jason.runme_1 scheduled__2022-06-14T00:00:00+00:00 [running]> on host 714ccdf18016
[2022-06-15 00:37:14,645] {taskinstance.py:1571} INFO - Exporting the following env vars:
AIRFLOW_CTX_DAG_OWNER=***
AIRFLOW_CTX_DAG_ID=example_bash_operator_Jason
AIRFLOW_CTX_TASK_ID=runme_1
AIRFLOW_CTX_EXECUTION_DATE=2022-06-14T00:00:00+00:00
AIRFLOW_CTX_TRY_NUMBER=1
AIRFLOW_CTX_DAG_RUN_ID=scheduled__2022-06-14T00:00:00+00:00
[2022-06-15 00:37:14,954] {subprocess.py:62} INFO - Tmp dir root location: 
 /tmp
[2022-06-15 00:37:15,202] {subprocess.py:74} INFO - Running command: ['bash', '-c', 'echo "example_bash_operator_Jason__runme_1__20220614" && sleep 1']
[2022-06-15 00:37:16,694] {subprocess.py:85} INFO - Output:
[2022-06-15 00:37:16,703] {subprocess.py:92} INFO - example_bash_operator_Jason__runme_1__20220614
[2022-06-15 00:37:17,758] {subprocess.py:96} INFO - Command exited with return code 0
[2022-06-15 00:37:20,241] {taskinstance.py:1400} INFO - Marking task as SUCCESS. dag_id=example_bash_operator_Jason, task_id=runme_1, execution_date=20220614T000000, start_date=20220615T003637, end_date=20220615T003720
[2022-06-15 00:37:20,758] {local_task_job.py:156} INFO - Task exited with return code 0
[2022-06-15 00:37:22,147] {local_task_job.py:273} INFO - 1 downstream tasks scheduled from follow-on schedule check
