[2022-06-15 00:36:35,590] {taskinstance.py:1159} INFO - Dependencies all met for <TaskInstance: example_bash_operator_Jason.runme_0 scheduled__2022-06-14T00:00:00+00:00 [queued]>
[2022-06-15 00:36:35,998] {taskinstance.py:1159} INFO - Dependencies all met for <TaskInstance: example_bash_operator_Jason.runme_0 scheduled__2022-06-14T00:00:00+00:00 [queued]>
[2022-06-15 00:36:36,005] {taskinstance.py:1356} INFO - 
--------------------------------------------------------------------------------
[2022-06-15 00:36:36,008] {taskinstance.py:1357} INFO - Starting attempt 1 of 1
[2022-06-15 00:36:36,012] {taskinstance.py:1358} INFO - 
--------------------------------------------------------------------------------
[2022-06-15 00:36:36,467] {taskinstance.py:1377} INFO - Executing <Task(BashOperator): runme_0> on 2022-06-14 00:00:00+00:00
[2022-06-15 00:36:36,934] {standard_task_runner.py:52} INFO - Started process 1449 to run task
[2022-06-15 00:36:37,015] {standard_task_runner.py:79} INFO - Running: ['***', 'tasks', 'run', 'example_bash_operator_Jason', 'runme_0', 'scheduled__2022-06-14T00:00:00+00:00', '--job-id', '8', '--raw', '--subdir', 'DAGS_FOLDER/firstDag.py', '--cfg-path', '/tmp/tmp1cqzpd04', '--error-file', '/tmp/tmpj8bz0_sw']
[2022-06-15 00:36:37,017] {standard_task_runner.py:80} INFO - Job 8: Subtask runme_0
[2022-06-15 00:36:38,268] {task_command.py:370} INFO - Running <TaskInstance: example_bash_operator_Jason.runme_0 scheduled__2022-06-14T00:00:00+00:00 [running]> on host 714ccdf18016
[2022-06-15 00:37:09,840] {taskinstance.py:1571} INFO - Exporting the following env vars:
AIRFLOW_CTX_DAG_OWNER=***
AIRFLOW_CTX_DAG_ID=example_bash_operator_Jason
AIRFLOW_CTX_TASK_ID=runme_0
AIRFLOW_CTX_EXECUTION_DATE=2022-06-14T00:00:00+00:00
AIRFLOW_CTX_TRY_NUMBER=1
AIRFLOW_CTX_DAG_RUN_ID=scheduled__2022-06-14T00:00:00+00:00
[2022-06-15 00:37:11,160] {subprocess.py:62} INFO - Tmp dir root location: 
 /tmp
[2022-06-15 00:37:11,228] {subprocess.py:74} INFO - Running command: ['bash', '-c', 'echo "example_bash_operator_Jason__runme_0__20220614" && sleep 1']
[2022-06-15 00:37:12,338] {subprocess.py:85} INFO - Output:
[2022-06-15 00:37:12,853] {subprocess.py:92} INFO - example_bash_operator_Jason__runme_0__20220614
[2022-06-15 00:37:14,230] {subprocess.py:96} INFO - Command exited with return code 0
[2022-06-15 00:37:16,358] {taskinstance.py:1400} INFO - Marking task as SUCCESS. dag_id=example_bash_operator_Jason, task_id=runme_0, execution_date=20220614T000000, start_date=20220615T003635, end_date=20220615T003716
[2022-06-15 00:37:17,480] {local_task_job.py:156} INFO - Task exited with return code 0
[2022-06-15 00:37:19,541] {local_task_job.py:273} INFO - 0 downstream tasks scheduled from follow-on schedule check
